\BOOKMARK [0][-]{chapter*.1}{\376\377\000A\000b\000s\000t\000r\000a\000c\000t}{}% 1
\BOOKMARK [0][-]{chapter*.3}{\376\377\000L\000i\000s\000t\000\040\000o\000f\000\040\000T\000a\000b\000l\000e\000s}{}% 2
\BOOKMARK [0][-]{chapter*.4}{\376\377\000L\000i\000s\000t\000\040\000o\000f\000\040\000F\000i\000g\000u\000r\000e\000s}{}% 3
\BOOKMARK [0][-]{chapter.1}{\376\377\000I\000n\000t\000r\000o\000d\000u\000c\000t\000i\000o\000n}{}% 4
\BOOKMARK [1][-]{section.1.1}{\376\377\000O\000v\000e\000r\000v\000i\000e\000w}{chapter.1}% 5
\BOOKMARK [2][-]{subsection.1.1.1}{\376\377\000I\000n\000t\000r\000o\000d\000u\000c\000i\000n\000g\000\040\000t\000h\000e\000\040\000A\000t\000t\000r\000a\000c\000t\000i\000o\000n\000\040\000E\000f\000f\000e\000c\000t}{section.1.1}% 6
\BOOKMARK [0][-]{chapter.2}{\376\377\000P\000a\000r\000s\000i\000n\000g\000\040\000t\000h\000e\000\040\000R\000o\000l\000e\000\040\000o\000f\000\040\000P\000e\000r\000c\000e\000p\000t\000i\000o\000n\000\040\000a\000n\000d\000\040\000D\000e\000c\000i\000s\000i\000o\000n\000\040\000i\000n\000\040\000C\000o\000n\000t\000e\000x\000t\000-\000D\000e\000p\000e\000n\000d\000e\000n\000t\000\040\000C\000h\000o\000i\000c\000e}{}% 7
\BOOKMARK [1][-]{section.2.1}{\376\377\000I\000n\000t\000r\000o\000d\000u\000c\000t\000i\000o\000n}{chapter.2}% 8
\BOOKMARK [2][-]{subsubsection.2.1.0.1}{\376\377\000F\000r\000o\000m\000\040\000P\000r\000e\000f\000e\000r\000e\000n\000t\000i\000a\000l\000\040\000t\000o\000\040\000P\000e\000r\000c\000e\000p\000t\000u\000a\000l\000\040\000C\000h\000o\000i\000c\000e}{section.2.1}% 9
\BOOKMARK [2][-]{subsection.2.1.1}{\376\377\000U\000n\000d\000e\000r\000s\000t\000a\000n\000d\000i\000n\000g\000\040\000P\000e\000r\000c\000e\000p\000t\000u\000a\000l\000\040\000C\000h\000o\000i\000c\000e\000\040\000E\000x\000p\000e\000r\000i\000m\000e\000n\000t\000s}{section.2.1}% 10
\BOOKMARK [2][-]{subsection.2.1.2}{\376\377\000M\000o\000d\000e\000l\000i\000n\000g\000\040\000C\000o\000n\000t\000e\000x\000t\000-\000D\000e\000p\000e\000n\000d\000e\000n\000t\000\040\000P\000e\000r\000c\000e\000p\000t\000u\000a\000l\000\040\000C\000h\000o\000i\000c\000e}{section.2.1}% 11
\BOOKMARK [2][-]{subsection.2.1.3}{\376\377\000P\000e\000r\000c\000e\000p\000t\000u\000a\000l\000\040\000C\000o\000r\000r\000e\000l\000a\000t\000i\000o\000n\000s\000\040\000a\000s\000\040\000M\000e\000c\000h\000a\000n\000i\000s\000m\000\040\000f\000o\000r\000\040\000t\000h\000e\000\040\000R\000e\000p\000u\000l\000s\000i\000o\000n\000\040\000E\000f\000f\000e\000c\000t}{section.2.1}% 12
\BOOKMARK [1][-]{section.2.2}{\376\377\000E\000x\000p\000e\000r\000i\000m\000e\000n\000t\000\040\0001}{chapter.2}% 13
\BOOKMARK [2][-]{subsection.2.2.1}{\376\377\000M\000e\000t\000h\000o\000d\000s}{section.2.2}% 14
\BOOKMARK [3][-]{subsubsection.2.2.1.1}{\376\377\000P\000a\000r\000t\000i\000c\000i\000p\000a\000n\000t\000s\000.}{subsection.2.2.1}% 15
\BOOKMARK [3][-]{subsubsection.2.2.1.2}{\376\377\000S\000t\000i\000m\000u\000l\000i\000.}{subsection.2.2.1}% 16
\BOOKMARK [3][-]{subsubsection.2.2.1.3}{\376\377\000D\000e\000s\000i\000g\000n\000.}{subsection.2.2.1}% 17
\BOOKMARK [3][-]{subsubsection.2.2.1.4}{\376\377\000P\000r\000o\000c\000e\000d\000u\000r\000e\000.}{subsection.2.2.1}% 18
\BOOKMARK [2][-]{subsection.2.2.2}{\376\377\000R\000e\000s\000u\000l\000t\000s}{section.2.2}% 19
\BOOKMARK [3][-]{subsubsection.2.2.2.1}{\376\377\000C\000a\000t\000c\000h\000\040\000T\000r\000i\000a\000l\000s\000.}{subsection.2.2.2}% 20
\BOOKMARK [3][-]{subsubsection.2.2.2.2}{\376\377\000C\000r\000i\000t\000i\000c\000a\000l\000\040\000T\000r\000i\000a\000l\000s\000.}{subsection.2.2.2}% 21
\BOOKMARK [3][-]{subsubsection.2.2.2.3}{\376\377\000D\000i\000s\000c\000u\000s\000s\000i\000o\000n}{subsection.2.2.2}% 22
\BOOKMARK [1][-]{section.2.3}{\376\377\000E\000x\000p\000e\000r\000i\000m\000e\000n\000t\000\040\0002}{chapter.2}% 23
\BOOKMARK [2][-]{subsection.2.3.1}{\376\377\000M\000e\000t\000h\000o\000d\000s}{section.2.3}% 24
\BOOKMARK [3][-]{subsubsection.2.3.1.1}{\376\377\000P\000a\000r\000t\000i\000c\000i\000p\000a\000n\000t\000s\000.}{subsection.2.3.1}% 25
\BOOKMARK [3][-]{subsubsection.2.3.1.2}{\376\377\000S\000t\000i\000m\000u\000l\000i\000.}{subsection.2.3.1}% 26
\BOOKMARK [3][-]{subsubsection.2.3.1.3}{\376\377\000D\000e\000s\000i\000g\000n\000.}{subsection.2.3.1}% 27
\BOOKMARK [3][-]{subsubsection.2.3.1.4}{\376\377\000P\000r\000o\000c\000e\000d\000u\000r\000e\000.}{subsection.2.3.1}% 28
\BOOKMARK [2][-]{subsection.2.3.2}{\376\377\000R\000e\000s\000u\000l\000t\000s}{section.2.3}% 29
\BOOKMARK [3][-]{subsubsection.2.3.2.1}{\376\377\000D\000a\000t\000a\000\040\000P\000r\000o\000c\000e\000s\000s\000i\000n\000g}{subsection.2.3.2}% 30
\BOOKMARK [3][-]{subsubsection.2.3.2.2}{\376\377\000C\000i\000r\000c\000l\000e\000\040\000P\000h\000a\000s\000e\000\040\000R\000e\000s\000u\000l\000t\000s}{subsection.2.3.2}% 31
\BOOKMARK [3][-]{subsubsection.2.3.2.3}{\376\377\000C\000h\000o\000i\000c\000e\000\040\000R\000e\000s\000u\000l\000t\000s}{subsection.2.3.2}% 32
\BOOKMARK [2][-]{subsection.2.3.3}{\376\377\000M\000o\000d\000e\000l\000\040\000S\000i\000m\000u\000l\000a\000t\000i\000o\000n\000s}{section.2.3}% 33
\BOOKMARK [1][-]{section.2.4}{\376\377\000D\000i\000s\000c\000u\000s\000s\000i\000o\000n}{chapter.2}% 34
\BOOKMARK [0][-]{chapter.3}{\376\377\000E\000x\000t\000e\000n\000d\000i\000n\000g\000\040\000a\000\040\000P\000e\000r\000c\000e\000p\000t\000u\000a\000l\000\040\000M\000o\000d\000e\000l\000\040\000t\000o\000\040\000B\000e\000s\000t\000-\000W\000o\000r\000s\000t\000\040\000C\000h\000o\000i\000c\000e}{}% 35
\BOOKMARK [1][-]{section.3.1}{\376\377\000I\000n\000t\000r\000o\000d\000u\000c\000t\000i\000o\000n}{chapter.3}% 36
\BOOKMARK [2][-]{subsection.3.1.1}{\376\377\000I\000n\000t\000r\000o\000d\000u\000c\000i\000n\000g\000\040\000B\000e\000s\000t\000-\000W\000o\000r\000s\000t\000\040\000C\000h\000o\000i\000c\000e}{section.3.1}% 37
\BOOKMARK [2][-]{subsection.3.1.2}{\376\377\000M\000o\000d\000e\000l\000-\000B\000a\000s\000e\000d\000\040\000D\000i\000s\000s\000o\000c\000i\000a\000t\000i\000o\000n\000s\000\040\000i\000n\000\040\000B\000e\000s\000t\000-\000W\000o\000r\000s\000t\000\040\000C\000h\000o\000i\000c\000e}{section.3.1}% 38
\BOOKMARK [1][-]{section.3.2}{\376\377\000E\000x\000p\000e\000r\000i\000m\000e\000n\000t\000\040\0003}{chapter.3}% 39
\BOOKMARK [2][-]{subsection.3.2.1}{\376\377\000M\000e\000t\000h\000o\000d\000s}{section.3.2}% 40
\BOOKMARK [3][-]{subsubsection.3.2.1.1}{\376\377\000P\000a\000r\000t\000i\000c\000i\000p\000a\000n\000t\000s\000.}{subsection.3.2.1}% 41
\BOOKMARK [3][-]{subsubsection.3.2.1.2}{\376\377\000S\000t\000i\000m\000u\000l\000i\000.}{subsection.3.2.1}% 42
\BOOKMARK [3][-]{subsubsection.3.2.1.3}{\376\377\000D\000e\000s\000i\000g\000n\000.}{subsection.3.2.1}% 43
\BOOKMARK [3][-]{subsubsection.3.2.1.4}{\376\377\000P\000r\000o\000c\000e\000d\000u\000r\000e\000.}{subsection.3.2.1}% 44
\BOOKMARK [2][-]{subsection.3.2.2}{\376\377\000R\000e\000s\000u\000l\000t\000s}{section.3.2}% 45
\BOOKMARK [3][-]{subsubsection.3.2.2.1}{\376\377\000C\000a\000t\000c\000h\000\040\000T\000r\000i\000a\000l\000s\000.}{subsection.3.2.2}% 46
\BOOKMARK [3][-]{subsubsection.3.2.2.2}{\376\377\000F\000i\000l\000l\000e\000r\000\040\000T\000r\000i\000a\000l\000s\000.}{subsection.3.2.2}% 47
\BOOKMARK [3][-]{subsubsection.3.2.2.3}{\376\377\000C\000r\000i\000t\000i\000c\000a\000l\000\040\000T\000r\000i\000a\000l\000s\000.}{subsection.3.2.2}% 48
\BOOKMARK [3][-]{subsubsection.3.2.2.4}{\376\377\000M\000a\000x\000d\000i\000f\000f\000\040\000M\000o\000d\000e\000l\000i\000n\000g}{subsection.3.2.2}% 49
\BOOKMARK [1][-]{section.3.3}{\376\377\000D\000i\000s\000c\000u\000s\000s\000i\000o\000n}{chapter.3}% 50
\BOOKMARK [0][-]{chapter.4}{\376\377\000V\000a\000l\000u\000a\000t\000i\000o\000n\000s\000\040\000a\000n\000d\000\040\000C\000o\000r\000r\000e\000l\000a\000t\000i\000o\000n\000s\000\040\000i\000n\000\040\000P\000r\000e\000f\000e\000r\000e\000n\000t\000i\000a\000l\000\040\000C\000h\000o\000i\000c\000e}{}% 51
\BOOKMARK [1][-]{section.4.1}{\376\377\000I\000n\000t\000r\000o\000d\000u\000c\000t\000i\000o\000n}{chapter.4}% 52
\BOOKMARK [2][-]{subsection.4.1.1}{\376\377\000E\000x\000p\000a\000n\000d\000i\000n\000g\000\040\000t\000h\000e\000\040\000P\000a\000r\000a\000d\000i\000g\000m\000\040\000t\000o\000\040\000P\000r\000e\000f\000e\000r\000e\000n\000t\000i\000a\000l\000\040\000C\000h\000o\000i\000c\000e}{section.4.1}% 53
\BOOKMARK [2][-]{subsection.4.1.2}{\376\377\000C\000o\000r\000r\000e\000l\000a\000t\000i\000o\000n\000s\000\040\000i\000n\000\040\000P\000r\000e\000f\000e\000r\000e\000n\000t\000i\000a\000l\000\040\000C\000h\000o\000i\000c\000e}{section.4.1}% 54
\BOOKMARK [1][-]{section.4.2}{\376\377\000E\000x\000p\000e\000r\000i\000m\000e\000n\000t\000\040\0004}{chapter.4}% 55
\BOOKMARK [2][-]{subsection.4.2.1}{\376\377\000M\000e\000t\000h\000o\000d\000s}{section.4.2}% 56
\BOOKMARK [3][-]{subsubsection.4.2.1.1}{\376\377\000P\000a\000r\000t\000i\000c\000i\000p\000a\000n\000t\000s}{subsection.4.2.1}% 57
\BOOKMARK [3][-]{subsubsection.4.2.1.2}{\376\377\000S\000t\000i\000m\000u\000l\000i}{subsection.4.2.1}% 58
\BOOKMARK [3][-]{subsubsection.4.2.1.3}{\376\377\000D\000e\000s\000i\000g\000n}{subsection.4.2.1}% 59
\BOOKMARK [3][-]{subsubsection.4.2.1.4}{\376\377\000P\000r\000o\000c\000e\000d\000u\000r\000e}{subsection.4.2.1}% 60
\BOOKMARK [2][-]{subsection.4.2.2}{\376\377\000R\000e\000s\000u\000l\000t\000s}{section.4.2}% 61
\BOOKMARK [3][-]{subsubsection.4.2.2.1}{\376\377\000D\000a\000t\000a\000\040\000P\000r\000o\000c\000e\000s\000s\000i\000n\000g}{subsection.4.2.2}% 62
\BOOKMARK [3][-]{subsubsection.4.2.2.2}{\376\377\000P\000r\000i\000c\000i\000n\000g\000\040\000T\000r\000i\000a\000l\000s}{subsection.4.2.2}% 63
\BOOKMARK [3][-]{subsubsection.4.2.2.3}{\376\377\000C\000h\000o\000i\000c\000e\000\040\000T\000r\000i\000a\000l\000s}{subsection.4.2.2}% 64
\BOOKMARK [3][-]{subsubsection.4.2.2.4}{\376\377\000M\000o\000d\000e\000l\000\040\000S\000i\000m\000u\000l\000a\000t\000i\000o\000n\000s}{subsection.4.2.2}% 65
\BOOKMARK [1][-]{section.4.3}{\376\377\000D\000i\000s\000c\000u\000s\000s\000i\000o\000n}{chapter.4}% 66
\BOOKMARK [0][-]{chapter.5}{\376\377\000C\000o\000m\000p\000a\000r\000a\000b\000i\000l\000i\000t\000y\000\040\000i\000n\000\040\000P\000e\000r\000c\000e\000p\000t\000u\000a\000l\000\040\000C\000h\000o\000i\000c\000e}{}% 67
\BOOKMARK [1][-]{section.5.1}{\376\377\000I\000n\000t\000r\000o\000d\000u\000c\000t\000i\000o\000n}{chapter.5}% 68
\BOOKMARK [2][-]{subsection.5.1.1}{\376\377\000P\000r\000e\000v\000i\000o\000u\000s\000\040\000L\000i\000t\000e\000r\000a\000t\000u\000r\000e\000\040\000o\000n\000\040\000C\000o\000m\000p\000a\000r\000a\000b\000i\000l\000i\000t\000y}{section.5.1}% 69
\BOOKMARK [2][-]{subsection.5.1.2}{\376\377\000C\000o\000m\000p\000a\000r\000a\000b\000i\000l\000i\000t\000y\000\040\000E\000f\000f\000e\000c\000t\000s\000\040\000i\000n\000\040\000P\000e\000r\000c\000e\000p\000t\000u\000a\000l\000\040\000C\000h\000o\000i\000c\000e}{section.5.1}% 70
\BOOKMARK [1][-]{section.5.2}{\376\377\000E\000x\000p\000e\000r\000i\000m\000e\000n\000t\000\040\0005}{chapter.5}% 71
\BOOKMARK [2][-]{subsection.5.2.1}{\376\377\000M\000e\000t\000h\000o\000d\000s}{section.5.2}% 72
\BOOKMARK [3][-]{subsubsection.5.2.1.1}{\376\377\000P\000a\000r\000t\000i\000c\000i\000p\000a\000n\000t\000s}{subsection.5.2.1}% 73
\BOOKMARK [3][-]{subsubsection.5.2.1.2}{\376\377\000S\000t\000i\000m\000u\000l\000i}{subsection.5.2.1}% 74
\BOOKMARK [3][-]{subsubsection.5.2.1.3}{\376\377\000D\000e\000s\000i\000g\000n}{subsection.5.2.1}% 75
\BOOKMARK [3][-]{subsubsection.5.2.1.4}{\376\377\000P\000r\000o\000c\000e\000d\000u\000r\000e}{subsection.5.2.1}% 76
\BOOKMARK [2][-]{subsection.5.2.2}{\376\377\000R\000e\000s\000u\000l\000t\000s}{section.5.2}% 77
\BOOKMARK [3][-]{subsubsection.5.2.2.1}{\376\377\000D\000a\000t\000a\000\040\000P\000r\000o\000c\000e\000s\000s\000i\000n\000g}{subsection.5.2.2}% 78
\BOOKMARK [3][-]{subsubsection.5.2.2.2}{\376\377\000C\000a\000t\000c\000h\000\040\000a\000n\000d\000\040\000F\000i\000l\000l\000e\000r\000\040\000T\000r\000i\000a\000l\000s}{subsection.5.2.2}% 79
\BOOKMARK [3][-]{subsubsection.5.2.2.3}{\376\377\000C\000r\000i\000t\000i\000c\000a\000l\000\040\000T\000r\000i\000a\000l\000s}{subsection.5.2.2}% 80
\BOOKMARK [0][-]{appendix.A}{\376\377\000B\000a\000y\000e\000s\000i\000a\000n\000\040\000L\000o\000g\000i\000s\000t\000i\000c\000\040\000R\000e\000g\000r\000e\000s\000s\000i\000o\000n\000\040\000M\000o\000d\000e\000l\000\040\000o\000f\000\040\0002\000A\000F\000C\000\040\000D\000i\000s\000c\000r\000i\000m\000i\000n\000a\000b\000i\000l\000i\000t\000y\000\040\000f\000r\000o\000m\000\040\000E\000x\000p\000e\000r\000i\000m\000e\000n\000t\000\040\0001}{}% 81
\BOOKMARK [1][-]{section.A.1}{\376\377\000M\000o\000d\000e\000l\000\040\000D\000e\000t\000a\000i\000l\000s}{appendix.A}% 82
\BOOKMARK [1][-]{section.A.2}{\376\377\000P\000r\000i\000o\000r\000\040\000D\000i\000s\000t\000r\000i\000b\000u\000t\000i\000o\000n\000s\000\040\000o\000n\000\040\000P\000a\000r\000a\000m\000e\000t\000e\000r\000s}{appendix.A}% 83
\BOOKMARK [1][-]{section.A.3}{\376\377\000M\000o\000d\000e\000l\000i\000n\000g\000\040\000R\000e\000s\000u\000l\000t\000s}{appendix.A}% 84
\BOOKMARK [2][-]{subsection.A.3.1}{\376\377\000P\000a\000r\000a\000m\000e\000t\000e\000r\000\040\000e\000s\000t\000i\000m\000a\000t\000e\000s\000.}{section.A.3}% 85
\BOOKMARK [0][-]{appendix.B}{\376\377\000B\000a\000y\000e\000s\000i\000a\000n\000\040\000H\000i\000e\000r\000a\000r\000c\000h\000i\000c\000a\000l\000\040\000M\000o\000d\000e\000l\000i\000n\000g\000\040\000o\000f\000\040\000C\000i\000r\000c\000l\000e\000\040\000E\000s\000t\000i\000m\000a\000t\000i\000o\000n\000\040\000D\000a\000t\000a\000\040\000f\000r\000o\000m\000\040\000E\000x\000p\000e\000r\000i\000m\000e\000n\000t\000\040\0002}{}% 86
\BOOKMARK [1][-]{section.B.1}{\376\377\000M\000o\000d\000e\000l\000\040\000D\000e\000t\000a\000i\000l\000s}{appendix.B}% 87
\BOOKMARK [2][-]{subsection.B.1.1}{\376\377\000m\000u\000\040\000P\000a\000r\000a\000m\000e\000t\000e\000r\000i\000z\000a\000t\000i\000o\000n}{section.B.1}% 88
\BOOKMARK [3][-]{subsubsection.B.1.1.1}{\376\377\000P\000r\000i\000o\000r\000\040\000D\000i\000s\000t\000r\000i\000b\000u\000t\000i\000o\000n\000s\000\040\000o\000n\000\040\000P\000a\000r\000a\000m\000e\000t\000e\000r\000s}{subsection.B.1.1}% 89
\BOOKMARK [1][-]{section.B.2}{\376\377\000b\000o\000l\000d\0000\000m\000u\000\040\000m\000u\000m\000u\000\040\000\040\000P\000a\000r\000a\000m\000e\000t\000e\000r\000i\000z\000a\000t\000i\000o\000n}{appendix.B}% 90
\BOOKMARK [2][-]{subsubsection.B.2.0.1}{\376\377\000P\000r\000i\000o\000r\000\040\000D\000i\000s\000t\000r\000i\000b\000u\000t\000i\000o\000n\000s\000\040\000o\000n\000\040\000P\000a\000r\000a\000m\000e\000t\000e\000r\000s}{section.B.2}% 91
\BOOKMARK [1][-]{section.B.3}{\376\377\000M\000o\000d\000e\000l\000i\000n\000g\000\040\000R\000e\000s\000u\000l\000t\000s}{appendix.B}% 92
\BOOKMARK [0][-]{appendix.C}{\376\377\000I\000n\000f\000e\000r\000e\000n\000t\000i\000a\000l\000\040\000S\000t\000a\000t\000i\000s\000t\000i\000c\000s\000\040\000f\000o\000r\000\040\000E\000x\000p\000e\000r\000i\000m\000e\000n\000t\000\040\0002\000\040\000C\000h\000o\000i\000c\000e\000\040\000D\000a\000t\000a}{}% 93
\BOOKMARK [1][-]{section.C.1}{\376\377\000T\000r\000i\000a\000n\000g\000l\000e\000\040\000C\000o\000n\000d\000i\000t\000i\000o\000n\000\040\000A\000n\000a\000l\000y\000s\000i\000s}{appendix.C}% 94
\BOOKMARK [1][-]{section.C.2}{\376\377\000H\000o\000r\000i\000z\000o\000n\000t\000a\000l\000\040\000C\000o\000n\000d\000i\000t\000i\000o\000n\000\040\000A\000n\000a\000l\000y\000s\000i\000s}{appendix.C}% 95
\BOOKMARK [0][-]{appendix.D}{\376\377\000B\000a\000y\000e\000s\000i\000a\000n\000\040\000M\000o\000d\000e\000l\000i\000n\000g\000\040\000o\000f\000\040\000P\000r\000i\000c\000e\000\040\000D\000a\000t\000a\000\040\000f\000r\000o\000m\000\040\000E\000x\000p\000e\000r\000i\000m\000e\000n\000t\000\040\0004}{}% 96
\BOOKMARK [1][-]{section.D.1}{\376\377\000T\000h\000u\000r\000s\000t\000o\000n\000i\000a\000n\000\040\000P\000r\000i\000c\000e\000\040\000M\000o\000d\000e\000l}{appendix.D}% 97
\BOOKMARK [1][-]{section.D.2}{\376\377\000P\000r\000i\000o\000r\000\040\000D\000i\000s\000t\000r\000i\000b\000u\000t\000i\000o\000n\000s\000\040\000o\000n\000\040\000a\000l\000l\000\040\000P\000a\000r\000a\000m\000e\000t\000e\000r\000s}{appendix.D}% 98
\BOOKMARK [1][-]{section.D.3}{\376\377\000P\000a\000r\000a\000m\000e\000t\000e\000r\000\040\000E\000s\000t\000i\000m\000a\000t\000e\000s}{appendix.D}% 99
\BOOKMARK [0][-]{appendix*.5}{\376\377\000B\000i\000b\000l\000i\000o\000g\000r\000a\000p\000h\000y}{}% 100
